=========================================================================
Log Path: cleaned_data/log/data_cleaning.log
Program Path: D:/Estelle/Rscripts/covid_monitoring_app/cleaned_data/data_cleaning.R
Working Directory: D:/Estelle/Rscripts/covid_monitoring_app
User Name: kenny
R Version: 4.1.0 (2021-05-18)
Machine: DESKTOP-8RBO3NE x86-64
Operating System: Windows 10 x64 build 19043
Base Packages: stats graphics grDevices utils datasets methods base
Other Packages: logr_1.2.9 testit_0.13 zoo_1.8-10 lubridate_1.8.0 forcats_0.5.1
                stringr_1.4.0 dplyr_1.0.8 purrr_0.3.4 readr_2.1.2 tidyr_1.2.0
                tibble_3.1.6 ggplot2_3.3.5 tidyverse_1.3.1 
Log Start Time: 2022-05-11 05:00:57
=========================================================================

NULL

NOTE: Log Print Time:  2022-05-11 05:01:07
NOTE: Elapsed Time in seconds: 9.38068103790283

=========================================================================
Log End Time: 2022-05-11 05:01:07
Log Elapsed Time: 0 00:00:09
=========================================================================
